<?xml version="1.0" encoding="UTF-8"?>
<testsuite xmlns:xsi="http://www.w3.org/2001/XMLSchema-instance" xsi:noNamespaceSchemaLocation="https://maven.apache.org/surefire/maven-surefire-plugin/xsd/surefire-test-report-3.0.xsd" version="3.0" name="com.javatechie.redis.SpringDataRedisExampleApplicationTests" time="6.7" tests="1" errors="0" skipped="0" failures="0">
  <properties>
[...]
</properties>
  <testcase name="contextLoads" classname="com.javatechie.redis.SpringDataRedisExampleApplicationTests" time="1.302">
    <system-out><![CDATA[16:16:09.932 [main] INFO org.springframework.test.context.support.AnnotationConfigContextLoaderUtils -- Could not detect default configuration classes for test class [com.javatechie.redis.SpringDataRedisExampleApplicationTests]: SpringDataRedisExampleApplicationTests does not declare any static, non-private, non-final, nested classes annotated with @Configuration.
16:16:10.229 [main] INFO org.springframework.boot.test.context.SpringBootTestContextBootstrapper -- Found @SpringBootConfiguration com.javatechie.redis.SpringDataRedisExampleApplication for test class com.javatechie.redis.SpringDataRedisExampleApplicationTests

  .   ____          _            __ _ _
 /\\ / ___'_ __ _ _(_)_ __  __ _ \ \ \ \
( ( )\___ | '_ | '_| | '_ \/ _` | \ \ \ \
 \\/  ___)| |_)| | | | | || (_| |  ) ) ) )
  '  |____| .__|_| |_|_| |_\__, | / / / /
 =========|_|==============|___/=/_/_/_/

 :: Spring Boot ::                (v3.3.5)

2024-12-12T16:16:10.980+01:00  WARN 8716 --- [           main] ory$DuplicateJsonObjectContextCustomizer : 

Found multiple occurrences of org.json.JSONObject on the class path:

	jar:file:/C:/Users/ACER/.m2/repository/org/json/json/20230227/json-20230227.jar!/org/json/JSONObject.class
	jar:file:/C:/Users/ACER/.m2/repository/com/vaadin/external/google/android-json/0.0.20131108.vaadin1/android-json-0.0.20131108.vaadin1.jar!/org/json/JSONObject.class

You may wish to exclude one of them to ensure predictable runtime behavior

2024-12-12T16:16:11.016+01:00  INFO 8716 --- [           main] r.SpringDataRedisExampleApplicationTests : Starting SpringDataRedisExampleApplicationTests using Java 21.0.5 with PID 8716 (started by ACER in C:\Users\ACER\Desktop\spring-data-redis-main)
2024-12-12T16:16:11.017+01:00  INFO 8716 --- [           main] r.SpringDataRedisExampleApplicationTests : No active profile set, falling back to 1 default profile: "default"
2024-12-12T16:16:11.953+01:00  INFO 8716 --- [           main] .s.d.r.c.RepositoryConfigurationDelegate : Multiple Spring Data modules found, entering strict repository configuration mode
2024-12-12T16:16:11.954+01:00  INFO 8716 --- [           main] .s.d.r.c.RepositoryConfigurationDelegate : Bootstrapping Spring Data Redis repositories in DEFAULT mode.
2024-12-12T16:16:11.987+01:00  INFO 8716 --- [           main] .s.d.r.c.RepositoryConfigurationDelegate : Finished Spring Data repository scanning in 7 ms. Found 0 Redis repository interfaces.
2024-12-12T16:16:12.275+01:00  INFO 8716 --- [           main] .s.d.r.c.RepositoryConfigurationDelegate : Multiple Spring Data modules found, entering strict repository configuration mode
2024-12-12T16:16:12.276+01:00  INFO 8716 --- [           main] .s.d.r.c.RepositoryConfigurationDelegate : Bootstrapping Spring Data Redis repositories in DEFAULT mode.
2024-12-12T16:16:12.299+01:00  INFO 8716 --- [           main] .s.d.r.c.RepositoryConfigurationDelegate : Finished Spring Data repository scanning in 22 ms. Found 0 Redis repository interfaces.
2024-12-12T16:16:14.950+01:00  INFO 8716 --- [           main] r.SpringDataRedisExampleApplicationTests : Started SpringDataRedisExampleApplicationTests in 4.44 seconds (process running for 6.499)
]]></system-out>
    <system-err><![CDATA[WARNING: A Java agent has been loaded dynamically (C:\Users\ACER\.m2\repository\net\bytebuddy\byte-buddy-agent\1.14.19\byte-buddy-agent-1.14.19.jar)
WARNING: If a serviceability tool is in use, please run with -XX:+EnableDynamicAgentLoading to hide this warning
WARNING: If a serviceability tool is not in use, please run with -Djdk.instrument.traceUsage for more information
WARNING: Dynamic loading of agents will be disallowed by default in a future release
]]></system-err>
  </testcase>
</testsuite>